<?xml version="1.0" encoding="UTF-8"?>
<!-- Generated by org.testng.reporters.JUnitReportReporter -->
<testsuite hostname="DESKTOP-TNPN53F" failures="0" tests="10" name="TestCase.checkOutPageTwoTest" time="7.743" errors="0" timestamp="2023-01-03T16:00:49 IST" skipped="9">
  <testcase classname="TestCase.checkOutPageTwoTest" name="verifyTotalAmountTest" time="7.743"/>
  <testcase classname="TestCase.checkOutPageTwoTest" name="verifyShipInfoTest">
    <skipped/>
  </testcase> <!-- verifyShipInfoTest -->
  <testcase classname="TestCase.checkOutPageTwoTest" name="verifyAddItemDisplayTest">
    <skipped/>
  </testcase> <!-- verifyAddItemDisplayTest -->
  <testcase classname="TestCase.checkOutPageTwoTest" name="verifyShipInfoHeadTest">
    <skipped/>
  </testcase> <!-- verifyShipInfoHeadTest -->
  <testcase classname="TestCase.checkOutPageTwoTest" name="verifyCompletePageHeadingTest">
    <skipped/>
  </testcase> <!-- verifyCompletePageHeadingTest -->
  <testcase classname="TestCase.checkOutPageTwoTest" name="verifyPayInfoTest">
    <skipped/>
  </testcase> <!-- verifyPayInfoTest -->
  <testcase classname="TestCase.checkOutPageTwoTest" name="verfyFinishButtonClickTest">
    <skipped/>
  </testcase> <!-- verfyFinishButtonClickTest -->
  <testcase classname="TestCase.checkOutPageTwoTest" name="verifyCheckPageTwoUrlTest">
    <skipped/>
  </testcase> <!-- verifyCheckPageTwoUrlTest -->
  <testcase classname="TestCase.checkOutPageTwoTest" name="verifyCheckPageHeadingTest">
    <skipped/>
  </testcase> <!-- verifyCheckPageHeadingTest -->
  <testcase classname="TestCase.checkOutPageTwoTest" name="verifyPayInfoHeadTest">
    <skipped/>
  </testcase> <!-- verifyPayInfoHeadTest -->
</testsuite> <!-- TestCase.checkOutPageTwoTest -->
