<?xml version="1.0" encoding="UTF-8"?>
<!-- Generated by org.testng.reporters.JUnitReportReporter -->
<testsuite hostname="DESKTOP-TNPN53F" failures="0" tests="30" name="TestCase.inventryPageTest" time="33.271" errors="0" timestamp="2023-01-03T18:23:42 IST" skipped="28">
  <testcase classname="TestCase.inventryPageTest" name="verifySortContainerDropDownTest" time="10.582"/>
  <testcase classname="TestCase.inventryPageTest" name="verifyProductCountTest" time="22.689"/>
  <testcase classname="TestCase.inventryPageTest" name="VerifyFacebookLogoEnableTest">
    <skipped/>
  </testcase> <!-- VerifyFacebookLogoEnableTest -->
  <testcase classname="TestCase.inventryPageTest" name="verifyLinkedInLinkTest">
    <skipped/>
  </testcase> <!-- verifyLinkedInLinkTest -->
  <testcase classname="TestCase.inventryPageTest" name="verifyPeekLogoTest">
    <skipped/>
  </testcase> <!-- verifyPeekLogoTest -->
  <testcase classname="TestCase.inventryPageTest" name="verifySortContainerButtonDisplayTest">
    <skipped/>
  </testcase> <!-- verifySortContainerButtonDisplayTest -->
  <testcase classname="TestCase.inventryPageTest" name="verifyShoppingCartLinkEnableTest">
    <skipped/>
  </testcase> <!-- verifyShoppingCartLinkEnableTest -->
  <testcase classname="TestCase.inventryPageTest" name="verifyinventryItemNamegetSwagAppTest">
    <skipped/>
  </testcase> <!-- verifyinventryItemNamegetSwagAppTest -->
  <testcase classname="TestCase.inventryPageTest" name="verifyCloseMenuButtonEnableTest">
    <skipped/>
  </testcase> <!-- verifyCloseMenuButtonEnableTest -->
  <testcase classname="TestCase.inventryPageTest" name="verifyInventryPageUrlTest">
    <skipped/>
  </testcase> <!-- verifyInventryPageUrlTest -->
  <testcase classname="TestCase.inventryPageTest" name="verifysortContainerDropDownGetTest">
    <skipped/>
  </testcase> <!-- verifysortContainerDropDownGetTest -->
  <testcase classname="TestCase.inventryPageTest" name="verifycloseMenuButtonClickTest">
    <skipped/>
  </testcase> <!-- verifycloseMenuButtonClickTest -->
  <testcase classname="TestCase.inventryPageTest" name="verifyFacebookLinkTest">
    <skipped/>
  </testcase> <!-- verifyFacebookLinkTest -->
  <testcase classname="TestCase.inventryPageTest" name="verifyAppLogoTextTest">
    <skipped/>
  </testcase> <!-- verifyAppLogoTextTest -->
  <testcase classname="TestCase.inventryPageTest" name="VerifyMenuButtonLogoClickTest">
    <skipped/>
  </testcase> <!-- VerifyMenuButtonLogoClickTest -->
  <testcase classname="TestCase.inventryPageTest" name="VerifyMenuButtonLogoEnableTest">
    <skipped/>
  </testcase> <!-- VerifyMenuButtonLogoEnableTest -->
  <testcase classname="TestCase.inventryPageTest" name="VerifyLinedInLogoVisibleTest">
    <skipped/>
  </testcase> <!-- VerifyLinedInLogoVisibleTest -->
  <testcase classname="TestCase.inventryPageTest" name="verifyShoppingCartLinkDisplayTest">
    <skipped/>
  </testcase> <!-- verifyShoppingCartLinkDisplayTest -->
  <testcase classname="TestCase.inventryPageTest" name="VerifyFacebookLogoVisibleTest">
    <skipped/>
  </testcase> <!-- VerifyFacebookLogoVisibleTest -->
  <testcase classname="TestCase.inventryPageTest" name="verifyCloseMenuButtonDisplayTest">
    <skipped/>
  </testcase> <!-- verifyCloseMenuButtonDisplayTest -->
  <testcase classname="TestCase.inventryPageTest" name="verifyAppLogoTest">
    <skipped/>
  </testcase> <!-- verifyAppLogoTest -->
  <testcase classname="TestCase.inventryPageTest" name="verifyTwiterLinkTest">
    <skipped/>
  </testcase> <!-- verifyTwiterLinkTest -->
  <testcase classname="TestCase.inventryPageTest" name="VerifytwiterLogoEnableTest">
    <skipped/>
  </testcase> <!-- VerifytwiterLogoEnableTest -->
  <testcase classname="TestCase.inventryPageTest" name="VerifyMenuLogoVisibleTest">
    <skipped/>
  </testcase> <!-- VerifyMenuLogoVisibleTest -->
  <testcase classname="TestCase.inventryPageTest" name="VerifytwiterLogoVisibleTest">
    <skipped/>
  </testcase> <!-- VerifytwiterLogoVisibleTest -->
  <testcase classname="TestCase.inventryPageTest" name="VerifySwagRobotImgLogoVisibleTest">
    <skipped/>
  </testcase> <!-- VerifySwagRobotImgLogoVisibleTest -->
  <testcase classname="TestCase.inventryPageTest" name="verifySortContainerButtonEnableTest">
    <skipped/>
  </testcase> <!-- verifySortContainerButtonEnableTest -->
  <testcase classname="TestCase.inventryPageTest" name="verifysortContainerDropDownGet">
    <skipped/>
  </testcase> <!-- verifysortContainerDropDownGet -->
  <testcase classname="TestCase.inventryPageTest" name="verifyitemsInMenuButtonEnable">
    <skipped/>
  </testcase> <!-- verifyitemsInMenuButtonEnable -->
  <testcase classname="TestCase.inventryPageTest" name="VerifyLinkedInLogoEnableTest">
    <skipped/>
  </testcase> <!-- VerifyLinkedInLogoEnableTest -->
</testsuite> <!-- TestCase.inventryPageTest -->
