<?xml version="1.0" encoding="UTF-8"?>
<!-- Generated by org.testng.reporters.JUnitReportReporter -->
<testsuite hostname="DESKTOP-TNPN53F" failures="0" tests="4" name="TestCase.checkOutPageTest" time="22.849" errors="0" timestamp="2022-12-31T13:31:15 IST" skipped="2">
  <testcase classname="TestCase.checkOutPageTest" name="verifyCheckOutPageHeadingTest" time="8.999"/>
  <testcase classname="TestCase.checkOutPageTest" name="verifyOpenCheckOutTwoPagw" time="13.850"/>
  <testcase classname="TestCase.checkOutPageTest" name="verifyCheckOutPageTitleTest">
    <skipped/>
  </testcase> <!-- verifyCheckOutPageTitleTest -->
  <testcase classname="TestCase.checkOutPageTest" name="verifyCheckOutPageUrlTest">
    <skipped/>
  </testcase> <!-- verifyCheckOutPageUrlTest -->
</testsuite> <!-- TestCase.checkOutPageTest -->
