<?xml version="1.0" encoding="UTF-8"?>
<!-- Generated by org.testng.reporters.JUnitReportReporter -->
<testsuite hostname="DESKTOP-TNPN53F" failures="0" tests="16" name="TestCase.LoginPageTest" time="158.637" errors="0" timestamp="2022-12-27T19:28:30 IST" skipped="0">
  <testcase classname="TestCase.LoginPageTest" name="verifyBotLogoTest" time="7.863"/>
  <testcase classname="TestCase.LoginPageTest" name="verifyMainLogoTest" time="8.682"/>
  <testcase classname="TestCase.LoginPageTest" name="verifyuserNameBoxSelected" time="7.805"/>
  <testcase classname="TestCase.LoginPageTest" name="getErrorMessagePass" time="11.890"/>
  <testcase classname="TestCase.LoginPageTest" name="verifyuserNameBoxEnable" time="7.978"/>
  <testcase classname="TestCase.LoginPageTest" name="getErrorMessageuser1" time="11.280"/>
  <testcase classname="TestCase.LoginPageTest" name="verifyUrlTest" time="11.723"/>
  <testcase classname="TestCase.LoginPageTest" name="verifypasswordBoxDisplay" time="7.727"/>
  <testcase classname="TestCase.LoginPageTest" name="verifyuserNameBoxDisplay" time="13.311"/>
  <testcase classname="TestCase.LoginPageTest" name="getOpenInventryPage" time="11.532"/>
  <testcase classname="TestCase.LoginPageTest" name="veriftyTitleTest" time="11.056"/>
  <testcase classname="TestCase.LoginPageTest" name="verifyloginBoxDisplay" time="8.093"/>
  <testcase classname="TestCase.LoginPageTest" name="verifypasswordBoxEnable" time="7.514"/>
  <testcase classname="TestCase.LoginPageTest" name="getErrorMessagePass1" time="12.028"/>
  <testcase classname="TestCase.LoginPageTest" name="getErrorMessageuser" time="11.925"/>
  <testcase classname="TestCase.LoginPageTest" name="verifyloginBoxEnable" time="8.230"/>
</testsuite> <!-- TestCase.LoginPageTest -->
