<?xml version="1.0" encoding="UTF-8"?>
<!-- Generated by org.testng.reporters.JUnitReportReporter -->
<testsuite hostname="DESKTOP-TNPN53F" failures="0" tests="16" name="TestCase.cartPageTest" time="22.035" errors="0" timestamp="2023-01-02T17:02:02 IST" skipped="15">
  <testcase classname="TestCase.cartPageTest" name="verifyInCartPageOneItemRemoveTest" time="22.035"/>
  <testcase classname="TestCase.cartPageTest" name="verifyCheckOutButtonClickTest">
    <skipped/>
  </testcase> <!-- verifyCheckOutButtonClickTest -->
  <testcase classname="TestCase.cartPageTest" name="verifyNumOfItemAddTest">
    <skipped/>
  </testcase> <!-- verifyNumOfItemAddTest -->
  <testcase classname="TestCase.cartPageTest" name="verifyCartLinkTest">
    <skipped/>
  </testcase> <!-- verifyCartLinkTest -->
  <testcase classname="TestCase.cartPageTest" name="verifyCartQtyLabelDisplayTest">
    <skipped/>
  </testcase> <!-- verifyCartQtyLabelDisplayTest -->
  <testcase classname="TestCase.cartPageTest" name="VerifyCartPageHeadingTest">
    <skipped/>
  </testcase> <!-- VerifyCartPageHeadingTest -->
  <testcase classname="TestCase.cartPageTest" name="VerifyCartPageHeadingDisplayTest">
    <skipped/>
  </testcase> <!-- VerifyCartPageHeadingDisplayTest -->
  <testcase classname="TestCase.cartPageTest" name="verifyDescColumHeadingDisplayTest">
    <skipped/>
  </testcase> <!-- verifyDescColumHeadingDisplayTest -->
  <testcase classname="TestCase.cartPageTest" name="verifycontinueButtonDisplayTest">
    <skipped/>
  </testcase> <!-- verifycontinueButtonDisplayTest -->
  <testcase classname="TestCase.cartPageTest" name="verifyContinueShopButtonTest">
    <skipped/>
  </testcase> <!-- verifyContinueShopButtonTest -->
  <testcase classname="TestCase.cartPageTest" name="verifyCkechOutButtonEnableTest">
    <skipped/>
  </testcase> <!-- verifyCkechOutButtonEnableTest -->
  <testcase classname="TestCase.cartPageTest" name="verifyCartDescColumLabelTest">
    <skipped/>
  </testcase> <!-- verifyCartDescColumLabelTest -->
  <testcase classname="TestCase.cartPageTest" name="verifyCkechOutButtonDisplayTest">
    <skipped/>
  </testcase> <!-- verifyCkechOutButtonDisplayTest -->
  <testcase classname="TestCase.cartPageTest" name="verifyCartPageTitleTest">
    <skipped/>
  </testcase> <!-- verifyCartPageTitleTest -->
  <testcase classname="TestCase.cartPageTest" name="verifycontinueButtonEnableTest">
    <skipped/>
  </testcase> <!-- verifycontinueButtonEnableTest -->
  <testcase classname="TestCase.cartPageTest" name="verifyQtyColumLabelTest">
    <skipped/>
  </testcase> <!-- verifyQtyColumLabelTest -->
</testsuite> <!-- TestCase.cartPageTest -->
